2018/06/29 11:05:49 INFO  - jmeter.util.JMeterUtils: Setting Locale to zh_CN 
2018/06/29 11:05:49 INFO  - jmeter.JMeter: Loading system properties from: E:\eclipse-workspace\jmetertest\target\jmeter\bin\system.properties 
2018/06/29 11:05:49 INFO  - jmeter.JMeter: Copyright (c) 1998-2016 The Apache Software Foundation 
2018/06/29 11:05:49 INFO  - jmeter.JMeter: Version 3.1 r1770033 
2018/06/29 11:05:49 INFO  - jmeter.JMeter: java.version=1.8.0_172 
2018/06/29 11:05:49 INFO  - jmeter.JMeter: java.vm.name=Java HotSpot(TM) 64-Bit Server VM 
2018/06/29 11:05:49 INFO  - jmeter.JMeter: os.name=Windows 10 
2018/06/29 11:05:49 INFO  - jmeter.JMeter: os.arch=amd64 
2018/06/29 11:05:49 INFO  - jmeter.JMeter: os.version=10.0 
2018/06/29 11:05:49 INFO  - jmeter.JMeter: file.encoding=GBK 
2018/06/29 11:05:49 INFO  - jmeter.JMeter: Max memory     =514850816 
2018/06/29 11:05:49 INFO  - jmeter.JMeter: Available Processors =4 
2018/06/29 11:05:49 INFO  - jmeter.JMeter: Default Locale=中文 (中国) 
2018/06/29 11:05:49 INFO  - jmeter.JMeter: JMeter  Locale=中文 (中国) 
2018/06/29 11:05:49 INFO  - jmeter.JMeter: JMeterHome=E:\eclipse-workspace\jmetertest\target\jmeter 
2018/06/29 11:05:49 INFO  - jmeter.JMeter: user.dir  =E:\eclipse-workspace\jmetertest\target\jmeter\bin 
2018/06/29 11:05:49 INFO  - jmeter.JMeter: PWD       =E:\eclipse-workspace\jmetertest\target\jmeter\bin 
2018/06/29 11:05:58 INFO  - jmeter.JMeter: IP: 192.168.56.1 Name: DESKTOP-0A4PG07 FullName: DESKTOP-0A4PG07 
2018/06/29 11:05:58 INFO  - jmeter.services.FileServer: Default base='E:\eclipse-workspace\jmetertest\target\jmeter\bin' 
2018/06/29 11:05:58 INFO  - jmeter.services.FileServer: Set new base='E:\eclipse-workspace\jmetertest\target\jmeter\testFiles' 
2018/06/29 11:05:59 INFO  - jmeter.save.SaveService: Testplan (JMX) version: 2.2. Testlog (JTL) version: 2.2 
2018/06/29 11:05:59 INFO  - jmeter.save.SaveService: Using SaveService properties file encoding UTF-8 
2018/06/29 11:05:59 INFO  - jmeter.save.SaveService: Using SaveService properties version 3.2 
2018/06/29 11:05:59 WARN  - jmeter.save.SaveService: Bad _version - expected 3.1, found 3.2. 
2018/06/29 11:05:59 INFO  - jmeter.save.SaveService: All converter versions present and correct 
2018/06/29 11:05:59 INFO  - jmeter.save.SaveService: Loading file: E:\eclipse-workspace\jmetertest\target\jmeter\testFiles\HTTP请求.jmx 
2018/06/29 11:05:59 INFO  - jmeter.protocol.http.control.CookieManager: Settings: Delete null: true Check: true Allow variable: true Save: false Prefix: COOKIE_ 
2018/06/29 11:05:59 INFO  - jmeter.protocol.http.sampler.HTTPSamplerBase: Parser for text/html is org.apache.jmeter.protocol.http.parser.LagartoBasedHtmlParser 
2018/06/29 11:05:59 INFO  - jmeter.protocol.http.sampler.HTTPSamplerBase: Parser for application/xhtml+xml is org.apache.jmeter.protocol.http.parser.LagartoBasedHtmlParser 
2018/06/29 11:05:59 INFO  - jmeter.protocol.http.sampler.HTTPSamplerBase: Parser for application/xml is org.apache.jmeter.protocol.http.parser.LagartoBasedHtmlParser 
2018/06/29 11:05:59 INFO  - jmeter.protocol.http.sampler.HTTPSamplerBase: Parser for text/xml is org.apache.jmeter.protocol.http.parser.LagartoBasedHtmlParser 
2018/06/29 11:05:59 INFO  - jmeter.protocol.http.sampler.HTTPSamplerBase: Parser for text/vnd.wap.wml is org.apache.jmeter.protocol.http.parser.RegexpHTMLParser 
2018/06/29 11:05:59 INFO  - jmeter.protocol.http.sampler.HTTPSamplerBase: Parser for text/css is org.apache.jmeter.protocol.http.parser.CssParser 
2018/06/29 11:05:59 INFO  - jmeter.JMeter: Creating summariser <summary> 
2018/06/29 11:05:59 INFO  - jmeter.engine.StandardJMeterEngine: Running the test! 
2018/06/29 11:05:59 INFO  - jmeter.samplers.SampleEvent: List of sample_variables: [] 
2018/06/29 11:05:59 INFO  - jmeter.samplers.SampleEvent: List of sample_variables: [] 
2018/06/29 11:05:59 INFO  - jmeter.engine.util.CompoundVariable: Note: Function class names must contain the string: '.functions.' 
2018/06/29 11:05:59 INFO  - jmeter.engine.util.CompoundVariable: Note: Function class names must not contain the string: '.gui.' 
2018/06/29 11:05:59 INFO  - jmeter.JMeter: 正在运行的测试 (1530241559660) 
2018/06/29 11:05:59 INFO  - jmeter.engine.StandardJMeterEngine: Starting ThreadGroup: 1 : 线程组 
2018/06/29 11:05:59 INFO  - jmeter.engine.StandardJMeterEngine: Starting 1 threads for group 线程组. 
2018/06/29 11:05:59 INFO  - jmeter.engine.StandardJMeterEngine: Thread will continue on error 
2018/06/29 11:05:59 INFO  - jmeter.threads.ThreadGroup: Starting thread group number 1 threads 1 ramp-up 1 perThread 1000.0 delayedStart=false 
2018/06/29 11:05:59 INFO  - jmeter.threads.ThreadGroup: Started thread group number 1 
2018/06/29 11:05:59 INFO  - jmeter.engine.StandardJMeterEngine: All thread groups have been started 
2018/06/29 11:05:59 INFO  - jmeter.threads.JMeterThread: Thread started: 线程组 1-1 
2018/06/29 11:05:59 INFO  - jmeter.protocol.http.sampler.HTTPHCAbstractImpl: Local host = DESKTOP-0A4PG07 
2018/06/29 11:05:59 INFO  - jmeter.protocol.http.sampler.HTTPHC4Impl: HTTP request retry count = 0 
2018/06/29 11:05:59 INFO  - jmeter.samplers.SampleResult: Note: Sample TimeStamps are START times 
2018/06/29 11:05:59 INFO  - jmeter.samplers.SampleResult: sampleresult.default.encoding is set to utf-8 
2018/06/29 11:05:59 INFO  - jmeter.samplers.SampleResult: sampleresult.useNanoTime=true 
2018/06/29 11:05:59 INFO  - jmeter.samplers.SampleResult: sampleresult.nanoThreadSleep=5000 
2018/06/29 11:06:00 INFO  - jmeter.reporters.Summariser: summary +      1 in 00:00:01 =    1.6/s Avg:   378 Min:   378 Max:   378 Err:     0 (0.00%) Active: 1 Started: 1 Finished: 0 
2018/06/29 11:06:00 INFO  - jmeter.threads.JMeterThread: Thread is done: 线程组 1-1 
2018/06/29 11:06:00 INFO  - jmeter.threads.JMeterThread: Thread finished: 线程组 1-1 
2018/06/29 11:06:00 INFO  - jmeter.engine.StandardJMeterEngine: Notifying test listeners of end of test 
2018/06/29 11:06:00 INFO  - jmeter.reporters.Summariser: summary +      1 in 00:00:00 =    8.1/s Avg:   116 Min:   116 Max:   116 Err:     0 (0.00%) Active: 0 Started: 1 Finished: 1 
2018/06/29 11:06:00 INFO  - jmeter.reporters.Summariser: summary =      2 in 00:00:01 =    2.7/s Avg:   247 Min:   116 Max:   378 Err:     0 (0.00%) 
